{"C:\\Users\\User\\Desktop\\cs4218\\controllers\\authController.js": {"path":"C:\\Users\\User\\Desktop\\cs4218\\controllers\\authController.js","statementMap":{"0":{"start":{"line":7,"column":34},"end":{"line":63,"column":1}},"1":{"start":{"line":8,"column":2},"end":{"line":62,"column":3}},"2":{"start":{"line":9,"column":62},"end":{"line":9,"column":70}},"3":{"start":{"line":11,"column":4},"end":{"line":13,"column":5}},"4":{"start":{"line":12,"column":6},"end":{"line":12,"column":53}},"5":{"start":{"line":14,"column":4},"end":{"line":16,"column":5}},"6":{"start":{"line":15,"column":6},"end":{"line":15,"column":56}},"7":{"start":{"line":17,"column":4},"end":{"line":19,"column":5}},"8":{"start":{"line":18,"column":6},"end":{"line":18,"column":59}},"9":{"start":{"line":20,"column":4},"end":{"line":22,"column":5}},"10":{"start":{"line":21,"column":6},"end":{"line":21,"column":59}},"11":{"start":{"line":23,"column":4},"end":{"line":25,"column":5}},"12":{"start":{"line":24,"column":6},"end":{"line":24,"column":58}},"13":{"start":{"line":26,"column":4},"end":{"line":28,"column":5}},"14":{"start":{"line":27,"column":6},"end":{"line":27,"column":57}},"15":{"start":{"line":30,"column":26},"end":{"line":30,"column":60}},"16":{"start":{"line":32,"column":4},"end":{"line":37,"column":5}},"17":{"start":{"line":33,"column":6},"end":{"line":36,"column":9}},"18":{"start":{"line":39,"column":27},"end":{"line":39,"column":55}},"19":{"start":{"line":41,"column":17},"end":{"line":48,"column":13}},"20":{"start":{"line":50,"column":4},"end":{"line":54,"column":7}},"21":{"start":{"line":56,"column":4},"end":{"line":56,"column":23}},"22":{"start":{"line":57,"column":4},"end":{"line":61,"column":7}},"23":{"start":{"line":66,"column":31},"end":{"line":116,"column":1}},"24":{"start":{"line":67,"column":2},"end":{"line":115,"column":3}},"25":{"start":{"line":68,"column":32},"end":{"line":68,"column":40}},"26":{"start":{"line":70,"column":4},"end":{"line":75,"column":5}},"27":{"start":{"line":71,"column":6},"end":{"line":74,"column":9}},"28":{"start":{"line":77,"column":17},"end":{"line":77,"column":51}},"29":{"start":{"line":78,"column":4},"end":{"line":83,"column":5}},"30":{"start":{"line":79,"column":6},"end":{"line":82,"column":9}},"31":{"start":{"line":84,"column":18},"end":{"line":84,"column":64}},"32":{"start":{"line":85,"column":4},"end":{"line":90,"column":5}},"33":{"start":{"line":86,"column":6},"end":{"line":89,"column":9}},"34":{"start":{"line":92,"column":18},"end":{"line":94,"column":6}},"35":{"start":{"line":95,"column":4},"end":{"line":107,"column":7}},"36":{"start":{"line":109,"column":4},"end":{"line":109,"column":23}},"37":{"start":{"line":110,"column":4},"end":{"line":114,"column":7}},"38":{"start":{"line":120,"column":40},"end":{"line":155,"column":1}},"39":{"start":{"line":121,"column":2},"end":{"line":154,"column":3}},"40":{"start":{"line":122,"column":43},"end":{"line":122,"column":51}},"41":{"start":{"line":123,"column":4},"end":{"line":125,"column":5}},"42":{"start":{"line":124,"column":6},"end":{"line":124,"column":60}},"43":{"start":{"line":126,"column":4},"end":{"line":128,"column":5}},"44":{"start":{"line":127,"column":6},"end":{"line":127,"column":62}},"45":{"start":{"line":129,"column":4},"end":{"line":131,"column":5}},"46":{"start":{"line":130,"column":6},"end":{"line":130,"column":68}},"47":{"start":{"line":133,"column":17},"end":{"line":133,"column":59}},"48":{"start":{"line":135,"column":4},"end":{"line":140,"column":5}},"49":{"start":{"line":136,"column":6},"end":{"line":139,"column":9}},"50":{"start":{"line":141,"column":19},"end":{"line":141,"column":50}},"51":{"start":{"line":142,"column":4},"end":{"line":142,"column":70}},"52":{"start":{"line":143,"column":4},"end":{"line":146,"column":7}},"53":{"start":{"line":148,"column":4},"end":{"line":148,"column":23}},"54":{"start":{"line":149,"column":4},"end":{"line":153,"column":7}},"55":{"start":{"line":158,"column":30},"end":{"line":165,"column":1}},"56":{"start":{"line":159,"column":2},"end":{"line":164,"column":3}},"57":{"start":{"line":160,"column":4},"end":{"line":160,"column":33}},"58":{"start":{"line":162,"column":4},"end":{"line":162,"column":23}},"59":{"start":{"line":163,"column":4},"end":{"line":163,"column":24}},"60":{"start":{"line":168,"column":39},"end":{"line":200,"column":1}},"61":{"start":{"line":169,"column":2},"end":{"line":199,"column":3}},"62":{"start":{"line":170,"column":54},"end":{"line":170,"column":62}},"63":{"start":{"line":171,"column":17},"end":{"line":171,"column":55}},"64":{"start":{"line":173,"column":4},"end":{"line":175,"column":5}},"65":{"start":{"line":174,"column":6},"end":{"line":174,"column":79}},"66":{"start":{"line":176,"column":27},"end":{"line":176,"column":78}},"67":{"start":{"line":177,"column":24},"end":{"line":186,"column":5}},"68":{"start":{"line":187,"column":4},"end":{"line":191,"column":7}},"69":{"start":{"line":193,"column":4},"end":{"line":193,"column":23}},"70":{"start":{"line":194,"column":4},"end":{"line":198,"column":7}},"71":{"start":{"line":203,"column":35},"end":{"line":218,"column":1}},"72":{"start":{"line":204,"column":2},"end":{"line":217,"column":3}},"73":{"start":{"line":205,"column":19},"end":{"line":208,"column":32}},"74":{"start":{"line":209,"column":4},"end":{"line":209,"column":21}},"75":{"start":{"line":211,"column":4},"end":{"line":211,"column":23}},"76":{"start":{"line":212,"column":4},"end":{"line":216,"column":7}},"77":{"start":{"line":220,"column":38},"end":{"line":236,"column":1}},"78":{"start":{"line":221,"column":2},"end":{"line":235,"column":3}},"79":{"start":{"line":222,"column":19},"end":{"line":226,"column":32}},"80":{"start":{"line":227,"column":4},"end":{"line":227,"column":21}},"81":{"start":{"line":229,"column":4},"end":{"line":229,"column":23}},"82":{"start":{"line":230,"column":4},"end":{"line":234,"column":7}},"83":{"start":{"line":239,"column":37},"end":{"line":257,"column":1}},"84":{"start":{"line":240,"column":2},"end":{"line":256,"column":3}},"85":{"start":{"line":241,"column":24},"end":{"line":241,"column":34}},"86":{"start":{"line":242,"column":23},"end":{"line":242,"column":31}},"87":{"start":{"line":243,"column":19},"end":{"line":247,"column":5}},"88":{"start":{"line":248,"column":4},"end":{"line":248,"column":21}},"89":{"start":{"line":250,"column":4},"end":{"line":250,"column":23}},"90":{"start":{"line":251,"column":4},"end":{"line":255,"column":7}}},"fnMap":{"0":{"name":"(anonymous_0)","decl":{"start":{"line":7,"column":34},"end":{"line":7,"column":35}},"loc":{"start":{"line":7,"column":54},"end":{"line":63,"column":1}},"line":7},"1":{"name":"(anonymous_1)","decl":{"start":{"line":66,"column":31},"end":{"line":66,"column":32}},"loc":{"start":{"line":66,"column":51},"end":{"line":116,"column":1}},"line":66},"2":{"name":"(anonymous_2)","decl":{"start":{"line":120,"column":40},"end":{"line":120,"column":41}},"loc":{"start":{"line":120,"column":60},"end":{"line":155,"column":1}},"line":120},"3":{"name":"(anonymous_3)","decl":{"start":{"line":158,"column":30},"end":{"line":158,"column":31}},"loc":{"start":{"line":158,"column":44},"end":{"line":165,"column":1}},"line":158},"4":{"name":"(anonymous_4)","decl":{"start":{"line":168,"column":39},"end":{"line":168,"column":40}},"loc":{"start":{"line":168,"column":59},"end":{"line":200,"column":1}},"line":168},"5":{"name":"(anonymous_5)","decl":{"start":{"line":203,"column":35},"end":{"line":203,"column":36}},"loc":{"start":{"line":203,"column":55},"end":{"line":218,"column":1}},"line":203},"6":{"name":"(anonymous_6)","decl":{"start":{"line":220,"column":38},"end":{"line":220,"column":39}},"loc":{"start":{"line":220,"column":58},"end":{"line":236,"column":1}},"line":220},"7":{"name":"(anonymous_7)","decl":{"start":{"line":239,"column":37},"end":{"line":239,"column":38}},"loc":{"start":{"line":239,"column":57},"end":{"line":257,"column":1}},"line":239}},"branchMap":{"0":{"loc":{"start":{"line":11,"column":4},"end":{"line":13,"column":5}},"type":"if","locations":[{"start":{"line":11,"column":4},"end":{"line":13,"column":5}},{"start":{},"end":{}}],"line":11},"1":{"loc":{"start":{"line":14,"column":4},"end":{"line":16,"column":5}},"type":"if","locations":[{"start":{"line":14,"column":4},"end":{"line":16,"column":5}},{"start":{},"end":{}}],"line":14},"2":{"loc":{"start":{"line":17,"column":4},"end":{"line":19,"column":5}},"type":"if","locations":[{"start":{"line":17,"column":4},"end":{"line":19,"column":5}},{"start":{},"end":{}}],"line":17},"3":{"loc":{"start":{"line":20,"column":4},"end":{"line":22,"column":5}},"type":"if","locations":[{"start":{"line":20,"column":4},"end":{"line":22,"column":5}},{"start":{},"end":{}}],"line":20},"4":{"loc":{"start":{"line":23,"column":4},"end":{"line":25,"column":5}},"type":"if","locations":[{"start":{"line":23,"column":4},"end":{"line":25,"column":5}},{"start":{},"end":{}}],"line":23},"5":{"loc":{"start":{"line":26,"column":4},"end":{"line":28,"column":5}},"type":"if","locations":[{"start":{"line":26,"column":4},"end":{"line":28,"column":5}},{"start":{},"end":{}}],"line":26},"6":{"loc":{"start":{"line":32,"column":4},"end":{"line":37,"column":5}},"type":"if","locations":[{"start":{"line":32,"column":4},"end":{"line":37,"column":5}},{"start":{},"end":{}}],"line":32},"7":{"loc":{"start":{"line":70,"column":4},"end":{"line":75,"column":5}},"type":"if","locations":[{"start":{"line":70,"column":4},"end":{"line":75,"column":5}},{"start":{},"end":{}}],"line":70},"8":{"loc":{"start":{"line":70,"column":8},"end":{"line":70,"column":27}},"type":"binary-expr","locations":[{"start":{"line":70,"column":8},"end":{"line":70,"column":14}},{"start":{"line":70,"column":18},"end":{"line":70,"column":27}}],"line":70},"9":{"loc":{"start":{"line":78,"column":4},"end":{"line":83,"column":5}},"type":"if","locations":[{"start":{"line":78,"column":4},"end":{"line":83,"column":5}},{"start":{},"end":{}}],"line":78},"10":{"loc":{"start":{"line":85,"column":4},"end":{"line":90,"column":5}},"type":"if","locations":[{"start":{"line":85,"column":4},"end":{"line":90,"column":5}},{"start":{},"end":{}}],"line":85},"11":{"loc":{"start":{"line":123,"column":4},"end":{"line":125,"column":5}},"type":"if","locations":[{"start":{"line":123,"column":4},"end":{"line":125,"column":5}},{"start":{},"end":{}}],"line":123},"12":{"loc":{"start":{"line":126,"column":4},"end":{"line":128,"column":5}},"type":"if","locations":[{"start":{"line":126,"column":4},"end":{"line":128,"column":5}},{"start":{},"end":{}}],"line":126},"13":{"loc":{"start":{"line":129,"column":4},"end":{"line":131,"column":5}},"type":"if","locations":[{"start":{"line":129,"column":4},"end":{"line":131,"column":5}},{"start":{},"end":{}}],"line":129},"14":{"loc":{"start":{"line":135,"column":4},"end":{"line":140,"column":5}},"type":"if","locations":[{"start":{"line":135,"column":4},"end":{"line":140,"column":5}},{"start":{},"end":{}}],"line":135},"15":{"loc":{"start":{"line":173,"column":4},"end":{"line":175,"column":5}},"type":"if","locations":[{"start":{"line":173,"column":4},"end":{"line":175,"column":5}},{"start":{},"end":{}}],"line":173},"16":{"loc":{"start":{"line":173,"column":8},"end":{"line":173,"column":39}},"type":"binary-expr","locations":[{"start":{"line":173,"column":8},"end":{"line":173,"column":16}},{"start":{"line":173,"column":20},"end":{"line":173,"column":39}}],"line":173},"17":{"loc":{"start":{"line":176,"column":27},"end":{"line":176,"column":78}},"type":"cond-expr","locations":[{"start":{"line":176,"column":38},"end":{"line":176,"column":66}},{"start":{"line":176,"column":69},"end":{"line":176,"column":78}}],"line":176},"18":{"loc":{"start":{"line":180,"column":14},"end":{"line":180,"column":31}},"type":"binary-expr","locations":[{"start":{"line":180,"column":14},"end":{"line":180,"column":18}},{"start":{"line":180,"column":22},"end":{"line":180,"column":31}}],"line":180},"19":{"loc":{"start":{"line":181,"column":18},"end":{"line":181,"column":49}},"type":"binary-expr","locations":[{"start":{"line":181,"column":18},"end":{"line":181,"column":32}},{"start":{"line":181,"column":36},"end":{"line":181,"column":49}}],"line":181},"20":{"loc":{"start":{"line":182,"column":15},"end":{"line":182,"column":34}},"type":"binary-expr","locations":[{"start":{"line":182,"column":15},"end":{"line":182,"column":20}},{"start":{"line":182,"column":24},"end":{"line":182,"column":34}}],"line":182},"21":{"loc":{"start":{"line":183,"column":17},"end":{"line":183,"column":40}},"type":"binary-expr","locations":[{"start":{"line":183,"column":17},"end":{"line":183,"column":24}},{"start":{"line":183,"column":28},"end":{"line":183,"column":40}}],"line":183}},"s":{"0":0,"1":0,"2":0,"3":0,"4":0,"5":0,"6":0,"7":0,"8":0,"9":0,"10":0,"11":0,"12":0,"13":0,"14":0,"15":0,"16":0,"17":0,"18":0,"19":0,"20":0,"21":0,"22":0,"23":0,"24":0,"25":0,"26":0,"27":0,"28":0,"29":0,"30":0,"31":0,"32":0,"33":0,"34":0,"35":0,"36":0,"37":0,"38":0,"39":0,"40":0,"41":0,"42":0,"43":0,"44":0,"45":0,"46":0,"47":0,"48":0,"49":0,"50":0,"51":0,"52":0,"53":0,"54":0,"55":0,"56":0,"57":0,"58":0,"59":0,"60":0,"61":0,"62":0,"63":0,"64":0,"65":0,"66":0,"67":0,"68":0,"69":0,"70":0,"71":0,"72":0,"73":0,"74":0,"75":0,"76":0,"77":0,"78":0,"79":0,"80":0,"81":0,"82":0,"83":0,"84":0,"85":0,"86":0,"87":0,"88":0,"89":0,"90":0},"f":{"0":0,"1":0,"2":0,"3":0,"4":0,"5":0,"6":0,"7":0},"b":{"0":[0,0],"1":[0,0],"2":[0,0],"3":[0,0],"4":[0,0],"5":[0,0],"6":[0,0],"7":[0,0],"8":[0,0],"9":[0,0],"10":[0,0],"11":[0,0],"12":[0,0],"13":[0,0],"14":[0,0],"15":[0,0],"16":[0,0],"17":[0,0],"18":[0,0],"19":[0,0],"20":[0,0],"21":[0,0]},"inputSourceMap":null}
,"C:\\Users\\User\\Desktop\\cs4218\\controllers\\categoryController.js": {"path":"C:\\Users\\User\\Desktop\\cs4218\\controllers\\categoryController.js","statementMap":{"0":{"start":{"line":3,"column":40},"end":{"line":33,"column":1}},"1":{"start":{"line":4,"column":2},"end":{"line":32,"column":3}},"2":{"start":{"line":5,"column":21},"end":{"line":5,"column":29}},"3":{"start":{"line":6,"column":4},"end":{"line":8,"column":5}},"4":{"start":{"line":7,"column":6},"end":{"line":7,"column":67}},"5":{"start":{"line":9,"column":29},"end":{"line":9,"column":66}},"6":{"start":{"line":10,"column":4},"end":{"line":15,"column":5}},"7":{"start":{"line":11,"column":6},"end":{"line":14,"column":9}},"8":{"start":{"line":16,"column":21},"end":{"line":19,"column":13}},"9":{"start":{"line":20,"column":4},"end":{"line":24,"column":7}},"10":{"start":{"line":26,"column":4},"end":{"line":26,"column":23}},"11":{"start":{"line":27,"column":4},"end":{"line":31,"column":7}},"12":{"start":{"line":36,"column":40},"end":{"line":58,"column":1}},"13":{"start":{"line":37,"column":2},"end":{"line":57,"column":3}},"14":{"start":{"line":38,"column":21},"end":{"line":38,"column":29}},"15":{"start":{"line":39,"column":19},"end":{"line":39,"column":29}},"16":{"start":{"line":40,"column":21},"end":{"line":44,"column":5}},"17":{"start":{"line":45,"column":4},"end":{"line":49,"column":7}},"18":{"start":{"line":51,"column":4},"end":{"line":51,"column":23}},"19":{"start":{"line":52,"column":4},"end":{"line":56,"column":7}},"20":{"start":{"line":61,"column":35},"end":{"line":77,"column":1}},"21":{"start":{"line":62,"column":2},"end":{"line":76,"column":3}},"22":{"start":{"line":63,"column":21},"end":{"line":63,"column":49}},"23":{"start":{"line":64,"column":4},"end":{"line":68,"column":7}},"24":{"start":{"line":70,"column":4},"end":{"line":70,"column":23}},"25":{"start":{"line":71,"column":4},"end":{"line":75,"column":7}},"26":{"start":{"line":80,"column":40},"end":{"line":96,"column":1}},"27":{"start":{"line":81,"column":2},"end":{"line":95,"column":3}},"28":{"start":{"line":82,"column":21},"end":{"line":82,"column":75}},"29":{"start":{"line":83,"column":4},"end":{"line":87,"column":7}},"30":{"start":{"line":89,"column":4},"end":{"line":89,"column":23}},"31":{"start":{"line":90,"column":4},"end":{"line":94,"column":7}},"32":{"start":{"line":99,"column":40},"end":{"line":115,"column":1}},"33":{"start":{"line":100,"column":2},"end":{"line":114,"column":3}},"34":{"start":{"line":101,"column":19},"end":{"line":101,"column":29}},"35":{"start":{"line":102,"column":4},"end":{"line":102,"column":46}},"36":{"start":{"line":103,"column":4},"end":{"line":106,"column":7}},"37":{"start":{"line":108,"column":4},"end":{"line":108,"column":23}},"38":{"start":{"line":109,"column":4},"end":{"line":113,"column":7}}},"fnMap":{"0":{"name":"(anonymous_0)","decl":{"start":{"line":3,"column":40},"end":{"line":3,"column":41}},"loc":{"start":{"line":3,"column":60},"end":{"line":33,"column":1}},"line":3},"1":{"name":"(anonymous_1)","decl":{"start":{"line":36,"column":40},"end":{"line":36,"column":41}},"loc":{"start":{"line":36,"column":60},"end":{"line":58,"column":1}},"line":36},"2":{"name":"(anonymous_2)","decl":{"start":{"line":61,"column":35},"end":{"line":61,"column":36}},"loc":{"start":{"line":61,"column":55},"end":{"line":77,"column":1}},"line":61},"3":{"name":"(anonymous_3)","decl":{"start":{"line":80,"column":40},"end":{"line":80,"column":41}},"loc":{"start":{"line":80,"column":60},"end":{"line":96,"column":1}},"line":80},"4":{"name":"(anonymous_4)","decl":{"start":{"line":99,"column":40},"end":{"line":99,"column":41}},"loc":{"start":{"line":99,"column":60},"end":{"line":115,"column":1}},"line":99}},"branchMap":{"0":{"loc":{"start":{"line":6,"column":4},"end":{"line":8,"column":5}},"type":"if","locations":[{"start":{"line":6,"column":4},"end":{"line":8,"column":5}},{"start":{},"end":{}}],"line":6},"1":{"loc":{"start":{"line":10,"column":4},"end":{"line":15,"column":5}},"type":"if","locations":[{"start":{"line":10,"column":4},"end":{"line":15,"column":5}},{"start":{},"end":{}}],"line":10}},"s":{"0":0,"1":0,"2":0,"3":0,"4":0,"5":0,"6":0,"7":0,"8":0,"9":0,"10":0,"11":0,"12":0,"13":0,"14":0,"15":0,"16":0,"17":0,"18":0,"19":0,"20":0,"21":0,"22":0,"23":0,"24":0,"25":0,"26":0,"27":0,"28":0,"29":0,"30":0,"31":0,"32":0,"33":0,"34":0,"35":0,"36":0,"37":0,"38":0},"f":{"0":0,"1":0,"2":0,"3":0,"4":0},"b":{"0":[0,0],"1":[0,0]},"inputSourceMap":null}
,"C:\\Users\\User\\Desktop\\cs4218\\controllers\\productController.js": {"path":"C:\\Users\\User\\Desktop\\cs4218\\controllers\\productController.js","statementMap":{"0":{"start":{"line":8,"column":39},"end":{"line":47,"column":1}},"1":{"start":{"line":9,"column":1},"end":{"line":46,"column":2}},"2":{"start":{"line":10,"column":69},"end":{"line":10,"column":79}},"3":{"start":{"line":11,"column":20},"end":{"line":11,"column":29}},"4":{"start":{"line":13,"column":2},"end":{"line":26,"column":3}},"5":{"start":{"line":15,"column":4},"end":{"line":15,"column":63}},"6":{"start":{"line":17,"column":4},"end":{"line":17,"column":70}},"7":{"start":{"line":19,"column":4},"end":{"line":19,"column":64}},"8":{"start":{"line":21,"column":4},"end":{"line":21,"column":67}},"9":{"start":{"line":23,"column":4},"end":{"line":23,"column":67}},"10":{"start":{"line":25,"column":4},"end":{"line":25,"column":92}},"11":{"start":{"line":28,"column":19},"end":{"line":28,"column":75}},"12":{"start":{"line":29,"column":2},"end":{"line":32,"column":3}},"13":{"start":{"line":30,"column":3},"end":{"line":30,"column":53}},"14":{"start":{"line":31,"column":3},"end":{"line":31,"column":43}},"15":{"start":{"line":33,"column":2},"end":{"line":33,"column":24}},"16":{"start":{"line":34,"column":2},"end":{"line":38,"column":5}},"17":{"start":{"line":40,"column":2},"end":{"line":40,"column":21}},"18":{"start":{"line":41,"column":2},"end":{"line":45,"column":5}},"19":{"start":{"line":50,"column":36},"end":{"line":67,"column":1}},"20":{"start":{"line":51,"column":1},"end":{"line":66,"column":2}},"21":{"start":{"line":52,"column":19},"end":{"line":52,"column":118}},"22":{"start":{"line":53,"column":2},"end":{"line":58,"column":5}},"23":{"start":{"line":60,"column":2},"end":{"line":60,"column":21}},"24":{"start":{"line":61,"column":2},"end":{"line":65,"column":5}},"25":{"start":{"line":69,"column":42},"end":{"line":85,"column":1}},"26":{"start":{"line":70,"column":1},"end":{"line":84,"column":2}},"27":{"start":{"line":71,"column":18},"end":{"line":71,"column":109}},"28":{"start":{"line":72,"column":2},"end":{"line":76,"column":5}},"29":{"start":{"line":78,"column":2},"end":{"line":78,"column":21}},"30":{"start":{"line":79,"column":2},"end":{"line":83,"column":5}},"31":{"start":{"line":88,"column":38},"end":{"line":103,"column":1}},"32":{"start":{"line":89,"column":1},"end":{"line":102,"column":2}},"33":{"start":{"line":90,"column":18},"end":{"line":90,"column":77}},"34":{"start":{"line":91,"column":2},"end":{"line":94,"column":3}},"35":{"start":{"line":92,"column":3},"end":{"line":92,"column":54}},"36":{"start":{"line":93,"column":3},"end":{"line":93,"column":51}},"37":{"start":{"line":96,"column":2},"end":{"line":96,"column":21}},"38":{"start":{"line":97,"column":2},"end":{"line":101,"column":5}},"39":{"start":{"line":106,"column":39},"end":{"line":121,"column":1}},"40":{"start":{"line":107,"column":1},"end":{"line":120,"column":2}},"41":{"start":{"line":108,"column":2},"end":{"line":108,"column":72}},"42":{"start":{"line":109,"column":2},"end":{"line":112,"column":5}},"43":{"start":{"line":114,"column":2},"end":{"line":114,"column":21}},"44":{"start":{"line":115,"column":2},"end":{"line":119,"column":5}},"45":{"start":{"line":124,"column":39},"end":{"line":163,"column":1}},"46":{"start":{"line":125,"column":1},"end":{"line":162,"column":2}},"47":{"start":{"line":126,"column":69},"end":{"line":126,"column":79}},"48":{"start":{"line":127,"column":20},"end":{"line":127,"column":29}},"49":{"start":{"line":129,"column":2},"end":{"line":142,"column":3}},"50":{"start":{"line":131,"column":4},"end":{"line":131,"column":63}},"51":{"start":{"line":133,"column":4},"end":{"line":133,"column":70}},"52":{"start":{"line":135,"column":4},"end":{"line":135,"column":64}},"53":{"start":{"line":137,"column":4},"end":{"line":137,"column":67}},"54":{"start":{"line":139,"column":4},"end":{"line":139,"column":67}},"55":{"start":{"line":141,"column":4},"end":{"line":141,"column":92}},"56":{"start":{"line":144,"column":19},"end":{"line":144,"column":126}},"57":{"start":{"line":145,"column":2},"end":{"line":148,"column":3}},"58":{"start":{"line":146,"column":3},"end":{"line":146,"column":53}},"59":{"start":{"line":147,"column":3},"end":{"line":147,"column":43}},"60":{"start":{"line":149,"column":2},"end":{"line":149,"column":24}},"61":{"start":{"line":150,"column":2},"end":{"line":154,"column":5}},"62":{"start":{"line":156,"column":2},"end":{"line":156,"column":21}},"63":{"start":{"line":157,"column":2},"end":{"line":161,"column":5}},"64":{"start":{"line":166,"column":40},"end":{"line":185,"column":1}},"65":{"start":{"line":167,"column":1},"end":{"line":184,"column":2}},"66":{"start":{"line":168,"column":29},"end":{"line":168,"column":37}},"67":{"start":{"line":169,"column":13},"end":{"line":169,"column":15}},"68":{"start":{"line":170,"column":2},"end":{"line":170,"column":50}},"69":{"start":{"line":170,"column":26},"end":{"line":170,"column":50}},"70":{"start":{"line":171,"column":2},"end":{"line":171,"column":68}},"71":{"start":{"line":171,"column":20},"end":{"line":171,"column":68}},"72":{"start":{"line":172,"column":19},"end":{"line":172,"column":48}},"73":{"start":{"line":173,"column":2},"end":{"line":176,"column":5}},"74":{"start":{"line":178,"column":2},"end":{"line":178,"column":21}},"75":{"start":{"line":179,"column":2},"end":{"line":183,"column":5}},"76":{"start":{"line":188,"column":38},"end":{"line":203,"column":1}},"77":{"start":{"line":189,"column":1},"end":{"line":202,"column":2}},"78":{"start":{"line":190,"column":16},"end":{"line":190,"column":68}},"79":{"start":{"line":191,"column":2},"end":{"line":194,"column":5}},"80":{"start":{"line":196,"column":2},"end":{"line":196,"column":21}},"81":{"start":{"line":197,"column":2},"end":{"line":201,"column":5}},"82":{"start":{"line":206,"column":37},"end":{"line":228,"column":1}},"83":{"start":{"line":207,"column":1},"end":{"line":227,"column":2}},"84":{"start":{"line":208,"column":18},"end":{"line":208,"column":19}},"85":{"start":{"line":209,"column":15},"end":{"line":209,"column":52}},"86":{"start":{"line":210,"column":19},"end":{"line":215,"column":27}},"87":{"start":{"line":216,"column":2},"end":{"line":219,"column":5}},"88":{"start":{"line":221,"column":2},"end":{"line":221,"column":21}},"89":{"start":{"line":222,"column":2},"end":{"line":226,"column":5}},"90":{"start":{"line":231,"column":39},"end":{"line":248,"column":1}},"91":{"start":{"line":232,"column":1},"end":{"line":247,"column":2}},"92":{"start":{"line":233,"column":22},"end":{"line":233,"column":32}},"93":{"start":{"line":234,"column":18},"end":{"line":238,"column":20}},"94":{"start":{"line":239,"column":2},"end":{"line":239,"column":20}},"95":{"start":{"line":241,"column":2},"end":{"line":241,"column":21}},"96":{"start":{"line":242,"column":2},"end":{"line":246,"column":5}},"97":{"start":{"line":251,"column":40},"end":{"line":274,"column":1}},"98":{"start":{"line":252,"column":1},"end":{"line":273,"column":2}},"99":{"start":{"line":253,"column":23},"end":{"line":253,"column":33}},"100":{"start":{"line":254,"column":19},"end":{"line":261,"column":24}},"101":{"start":{"line":262,"column":2},"end":{"line":265,"column":5}},"102":{"start":{"line":267,"column":2},"end":{"line":267,"column":21}},"103":{"start":{"line":268,"column":2},"end":{"line":272,"column":5}},"104":{"start":{"line":277,"column":41},"end":{"line":294,"column":1}},"105":{"start":{"line":278,"column":1},"end":{"line":293,"column":2}},"106":{"start":{"line":279,"column":19},"end":{"line":279,"column":73}},"107":{"start":{"line":280,"column":19},"end":{"line":280,"column":77}},"108":{"start":{"line":281,"column":2},"end":{"line":285,"column":5}},"109":{"start":{"line":287,"column":2},"end":{"line":287,"column":21}},"110":{"start":{"line":288,"column":2},"end":{"line":292,"column":5}},"111":{"start":{"line":298,"column":40},"end":{"line":311,"column":1}},"112":{"start":{"line":299,"column":1},"end":{"line":310,"column":2}},"113":{"start":{"line":300,"column":2},"end":{"line":306,"column":5}},"114":{"start":{"line":301,"column":3},"end":{"line":305,"column":4}},"115":{"start":{"line":302,"column":4},"end":{"line":302,"column":30}},"116":{"start":{"line":304,"column":4},"end":{"line":304,"column":42}},"117":{"start":{"line":308,"column":2},"end":{"line":308,"column":21}},"118":{"start":{"line":309,"column":2},"end":{"line":309,"column":58}},"119":{"start":{"line":314,"column":42},"end":{"line":359,"column":1}},"120":{"start":{"line":315,"column":1},"end":{"line":358,"column":2}},"121":{"start":{"line":316,"column":26},"end":{"line":316,"column":34}},"122":{"start":{"line":318,"column":2},"end":{"line":320,"column":3}},"123":{"start":{"line":319,"column":3},"end":{"line":319,"column":66}},"124":{"start":{"line":321,"column":14},"end":{"line":321,"column":15}},"125":{"start":{"line":322,"column":2},"end":{"line":324,"column":5}},"126":{"start":{"line":323,"column":3},"end":{"line":323,"column":20}},"127":{"start":{"line":326,"column":2},"end":{"line":355,"column":4}},"128":{"start":{"line":335,"column":4},"end":{"line":353,"column":5}},"129":{"start":{"line":336,"column":5},"end":{"line":338,"column":6}},"130":{"start":{"line":337,"column":6},"end":{"line":337,"column":60}},"131":{"start":{"line":340,"column":5},"end":{"line":350,"column":6}},"132":{"start":{"line":341,"column":6},"end":{"line":345,"column":16}},"133":{"start":{"line":347,"column":6},"end":{"line":347,"column":48}},"134":{"start":{"line":349,"column":6},"end":{"line":349,"column":61}},"135":{"start":{"line":352,"column":5},"end":{"line":352,"column":52}},"136":{"start":{"line":357,"column":2},"end":{"line":357,"column":59}}},"fnMap":{"0":{"name":"(anonymous_0)","decl":{"start":{"line":8,"column":39},"end":{"line":8,"column":40}},"loc":{"start":{"line":8,"column":59},"end":{"line":47,"column":1}},"line":8},"1":{"name":"(anonymous_1)","decl":{"start":{"line":50,"column":36},"end":{"line":50,"column":37}},"loc":{"start":{"line":50,"column":56},"end":{"line":67,"column":1}},"line":50},"2":{"name":"(anonymous_2)","decl":{"start":{"line":69,"column":42},"end":{"line":69,"column":43}},"loc":{"start":{"line":69,"column":62},"end":{"line":85,"column":1}},"line":69},"3":{"name":"(anonymous_3)","decl":{"start":{"line":88,"column":38},"end":{"line":88,"column":39}},"loc":{"start":{"line":88,"column":58},"end":{"line":103,"column":1}},"line":88},"4":{"name":"(anonymous_4)","decl":{"start":{"line":106,"column":39},"end":{"line":106,"column":40}},"loc":{"start":{"line":106,"column":59},"end":{"line":121,"column":1}},"line":106},"5":{"name":"(anonymous_5)","decl":{"start":{"line":124,"column":39},"end":{"line":124,"column":40}},"loc":{"start":{"line":124,"column":59},"end":{"line":163,"column":1}},"line":124},"6":{"name":"(anonymous_6)","decl":{"start":{"line":166,"column":40},"end":{"line":166,"column":41}},"loc":{"start":{"line":166,"column":60},"end":{"line":185,"column":1}},"line":166},"7":{"name":"(anonymous_7)","decl":{"start":{"line":188,"column":38},"end":{"line":188,"column":39}},"loc":{"start":{"line":188,"column":58},"end":{"line":203,"column":1}},"line":188},"8":{"name":"(anonymous_8)","decl":{"start":{"line":206,"column":37},"end":{"line":206,"column":38}},"loc":{"start":{"line":206,"column":57},"end":{"line":228,"column":1}},"line":206},"9":{"name":"(anonymous_9)","decl":{"start":{"line":231,"column":39},"end":{"line":231,"column":40}},"loc":{"start":{"line":231,"column":59},"end":{"line":248,"column":1}},"line":231},"10":{"name":"(anonymous_10)","decl":{"start":{"line":251,"column":40},"end":{"line":251,"column":41}},"loc":{"start":{"line":251,"column":60},"end":{"line":274,"column":1}},"line":251},"11":{"name":"(anonymous_11)","decl":{"start":{"line":277,"column":41},"end":{"line":277,"column":42}},"loc":{"start":{"line":277,"column":61},"end":{"line":294,"column":1}},"line":277},"12":{"name":"(anonymous_12)","decl":{"start":{"line":298,"column":40},"end":{"line":298,"column":41}},"loc":{"start":{"line":298,"column":60},"end":{"line":311,"column":1}},"line":298},"13":{"name":"(anonymous_13)","decl":{"start":{"line":300,"column":35},"end":{"line":300,"column":36}},"loc":{"start":{"line":300,"column":60},"end":{"line":306,"column":3}},"line":300},"14":{"name":"(anonymous_14)","decl":{"start":{"line":314,"column":42},"end":{"line":314,"column":43}},"loc":{"start":{"line":314,"column":62},"end":{"line":359,"column":1}},"line":314},"15":{"name":"(anonymous_15)","decl":{"start":{"line":322,"column":11},"end":{"line":322,"column":12}},"loc":{"start":{"line":322,"column":18},"end":{"line":324,"column":3}},"line":322},"16":{"name":"(anonymous_16)","decl":{"start":{"line":334,"column":3},"end":{"line":334,"column":4}},"loc":{"start":{"line":334,"column":28},"end":{"line":354,"column":4}},"line":334}},"branchMap":{"0":{"loc":{"start":{"line":13,"column":2},"end":{"line":26,"column":3}},"type":"switch","locations":[{"start":{"line":14,"column":3},"end":{"line":15,"column":63}},{"start":{"line":16,"column":3},"end":{"line":17,"column":70}},{"start":{"line":18,"column":3},"end":{"line":19,"column":64}},{"start":{"line":20,"column":3},"end":{"line":21,"column":67}},{"start":{"line":22,"column":3},"end":{"line":23,"column":67}},{"start":{"line":24,"column":3},"end":{"line":25,"column":92}}],"line":13},"1":{"loc":{"start":{"line":24,"column":8},"end":{"line":24,"column":37}},"type":"binary-expr","locations":[{"start":{"line":24,"column":8},"end":{"line":24,"column":13}},{"start":{"line":24,"column":17},"end":{"line":24,"column":37}}],"line":24},"2":{"loc":{"start":{"line":29,"column":2},"end":{"line":32,"column":3}},"type":"if","locations":[{"start":{"line":29,"column":2},"end":{"line":32,"column":3}},{"start":{},"end":{}}],"line":29},"3":{"loc":{"start":{"line":91,"column":2},"end":{"line":94,"column":3}},"type":"if","locations":[{"start":{"line":91,"column":2},"end":{"line":94,"column":3}},{"start":{},"end":{}}],"line":91},"4":{"loc":{"start":{"line":129,"column":2},"end":{"line":142,"column":3}},"type":"switch","locations":[{"start":{"line":130,"column":3},"end":{"line":131,"column":63}},{"start":{"line":132,"column":3},"end":{"line":133,"column":70}},{"start":{"line":134,"column":3},"end":{"line":135,"column":64}},{"start":{"line":136,"column":3},"end":{"line":137,"column":67}},{"start":{"line":138,"column":3},"end":{"line":139,"column":67}},{"start":{"line":140,"column":3},"end":{"line":141,"column":92}}],"line":129},"5":{"loc":{"start":{"line":140,"column":8},"end":{"line":140,"column":37}},"type":"binary-expr","locations":[{"start":{"line":140,"column":8},"end":{"line":140,"column":13}},{"start":{"line":140,"column":17},"end":{"line":140,"column":37}}],"line":140},"6":{"loc":{"start":{"line":145,"column":2},"end":{"line":148,"column":3}},"type":"if","locations":[{"start":{"line":145,"column":2},"end":{"line":148,"column":3}},{"start":{},"end":{}}],"line":145},"7":{"loc":{"start":{"line":170,"column":2},"end":{"line":170,"column":50}},"type":"if","locations":[{"start":{"line":170,"column":2},"end":{"line":170,"column":50}},{"start":{},"end":{}}],"line":170},"8":{"loc":{"start":{"line":171,"column":2},"end":{"line":171,"column":68}},"type":"if","locations":[{"start":{"line":171,"column":2},"end":{"line":171,"column":68}},{"start":{},"end":{}}],"line":171},"9":{"loc":{"start":{"line":209,"column":15},"end":{"line":209,"column":52}},"type":"cond-expr","locations":[{"start":{"line":209,"column":33},"end":{"line":209,"column":48}},{"start":{"line":209,"column":51},"end":{"line":209,"column":52}}],"line":209},"10":{"loc":{"start":{"line":301,"column":3},"end":{"line":305,"column":4}},"type":"if","locations":[{"start":{"line":301,"column":3},"end":{"line":305,"column":4}},{"start":{"line":303,"column":10},"end":{"line":305,"column":4}}],"line":301},"11":{"loc":{"start":{"line":318,"column":2},"end":{"line":320,"column":3}},"type":"if","locations":[{"start":{"line":318,"column":2},"end":{"line":320,"column":3}},{"start":{},"end":{}}],"line":318},"12":{"loc":{"start":{"line":318,"column":6},"end":{"line":318,"column":42}},"type":"binary-expr","locations":[{"start":{"line":318,"column":6},"end":{"line":318,"column":12}},{"start":{"line":318,"column":16},"end":{"line":318,"column":21}},{"start":{"line":318,"column":25},"end":{"line":318,"column":42}}],"line":318},"13":{"loc":{"start":{"line":336,"column":5},"end":{"line":338,"column":6}},"type":"if","locations":[{"start":{"line":336,"column":5},"end":{"line":338,"column":6}},{"start":{},"end":{}}],"line":336},"14":{"loc":{"start":{"line":340,"column":5},"end":{"line":350,"column":6}},"type":"if","locations":[{"start":{"line":340,"column":5},"end":{"line":350,"column":6}},{"start":{"line":348,"column":12},"end":{"line":350,"column":6}}],"line":340}},"s":{"0":1,"1":0,"2":0,"3":0,"4":0,"5":0,"6":0,"7":0,"8":0,"9":0,"10":0,"11":0,"12":0,"13":0,"14":0,"15":0,"16":0,"17":0,"18":0,"19":1,"20":0,"21":0,"22":0,"23":0,"24":0,"25":1,"26":0,"27":0,"28":0,"29":0,"30":0,"31":1,"32":0,"33":0,"34":0,"35":0,"36":0,"37":0,"38":0,"39":1,"40":0,"41":0,"42":0,"43":0,"44":0,"45":1,"46":0,"47":0,"48":0,"49":0,"50":0,"51":0,"52":0,"53":0,"54":0,"55":0,"56":0,"57":0,"58":0,"59":0,"60":0,"61":0,"62":0,"63":0,"64":1,"65":0,"66":0,"67":0,"68":0,"69":0,"70":0,"71":0,"72":0,"73":0,"74":0,"75":0,"76":1,"77":0,"78":0,"79":0,"80":0,"81":0,"82":1,"83":0,"84":0,"85":0,"86":0,"87":0,"88":0,"89":0,"90":1,"91":0,"92":0,"93":0,"94":0,"95":0,"96":0,"97":1,"98":0,"99":0,"100":0,"101":0,"102":0,"103":0,"104":1,"105":0,"106":0,"107":0,"108":0,"109":0,"110":0,"111":1,"112":2,"113":2,"114":2,"115":1,"116":1,"117":0,"118":0,"119":1,"120":8,"121":8,"122":8,"123":3,"124":5,"125":5,"126":7,"127":5,"128":5,"129":5,"130":1,"131":4,"132":3,"133":2,"134":1,"135":1,"136":0},"f":{"0":0,"1":0,"2":0,"3":0,"4":0,"5":0,"6":0,"7":0,"8":0,"9":0,"10":0,"11":0,"12":2,"13":2,"14":8,"15":7,"16":5},"b":{"0":[0,0,0,0,0,0],"1":[0,0],"2":[0,0],"3":[0,0],"4":[0,0,0,0,0,0],"5":[0,0],"6":[0,0],"7":[0,0],"8":[0,0],"9":[0,0],"10":[1,1],"11":[3,5],"12":[8,7,6],"13":[1,4],"14":[3,1]},"inputSourceMap":null,"_coverageSchema":"1a1c01bbd47fc00a2c39e90264f33305004495a9","hash":"2b6af3e8cd9e0dda5dfa4cdc254c983ac34e786c"}
}
